<?xml version="1.0" encoding="UTF-8"?>
<!-- Generated by org.testng.reporters.JUnitReportReporter -->
<testsuite hostname="DESKTOP-VSMS3K4" failures="0" tests="2" name="Scripts.ValidateAboutFunctionality" time="96.361" errors="0" timestamp="2024-02-09T10:57:19 CST" skipped="0">
  <testcase classname="Scripts.ValidateAboutFunctionality" name="validatelogin" time="12.994"/>
  <system-out/>
  <testcase classname="Scripts.ValidateAboutFunctionality" name="validateAbout" time="83.367"/>
  <system-out/>
</testsuite> <!-- Scripts.ValidateAboutFunctionality -->
