<?xml version="1.0" encoding="UTF-8"?>
<!-- Generated by org.testng.reporters.JUnitReportReporter -->
<testsuite hostname="LIB-LAT5320-25" failures="0" tests="1" name="Scripts.TestClass" time="0.041" errors="0" timestamp="2024-01-05T08:18:44 CST" skipped="0">
  <testcase classname="Scripts.TestClass" name="method1" time="0.041"/>
  <system-out>
    <![CDATA[captureScreen method called
<a href='C:\Users\student\eclipse-workspace\GrowerPortal\screenshots\method1_05_01_2024_08_18_41.png'><img src='C:\Users\student\eclipse-workspace\GrowerPortal\screenshots\method1_05_01_2024_08_18_41.png'height='100' width='100'/></a>]]>
  </system-out>
</testsuite> <!-- Scripts.TestClass -->
