<?xml version="1.0" encoding="UTF-8"?>
<!-- Generated by org.testng.reporters.JUnitReportReporter -->
<testsuite hostname="DESKTOP-VSMS3K4" failures="0" tests="2" name="Scripts.ValidateAboutFunctionality" time="26.654" errors="0" timestamp="2024-02-20T19:59:01 CST" skipped="0">
  <testcase classname="Scripts.ValidateAboutFunctionality" name="validatelogin" time="13.571"/>
  <system-out/>
  <testcase classname="Scripts.ValidateAboutFunctionality" name="validateAbout" time="13.083"/>
  <system-out/>
</testsuite> <!-- Scripts.ValidateAboutFunctionality -->
