<?xml version="1.0" encoding="UTF-8"?>
<!-- Generated by org.testng.reporters.JUnitReportReporter -->
<testsuite hostname="LIB-LAT5320-25" failures="0" tests="1" name="Scripts.TestClass" time="0.053" errors="0" timestamp="2023-12-28T10:06:48 CST" skipped="0">
  <testcase classname="Scripts.TestClass" name="method1" time="0.053"/>
  <system-out/>
</testsuite> <!-- Scripts.TestClass -->
