<?xml version="1.0" encoding="UTF-8"?>
<!-- Generated by org.testng.reporters.JUnitReportReporter -->
<<<<<<< HEAD
<testsuite hostname="DESKTOP-VSMS3K4" failures="0" tests="2" name="Scripts.ValidateAboutFunctionality" time="26.654" errors="0" timestamp="2024-02-20T19:59:01 CST" skipped="0">
  <testcase classname="Scripts.ValidateAboutFunctionality" name="validatelogin" time="13.571"/>
  <system-out/>
  <testcase classname="Scripts.ValidateAboutFunctionality" name="validateAbout" time="13.083"/>
=======
<testsuite hostname="MEDA" failures="0" tests="2" name="Scripts.ValidateAboutFunctionality" time="25.149" errors="0" timestamp="2024-02-11T21:35:27 IST" skipped="0">
  <testcase classname="Scripts.ValidateAboutFunctionality" name="validatelogin" time="14.547"/>
  <system-out/>
  <testcase classname="Scripts.ValidateAboutFunctionality" name="validateAbout" time="10.602"/>
>>>>>>> 4cd16d686b20ace23f9c0e4db642fd5ab7d8d6f4
  <system-out/>
</testsuite> <!-- Scripts.ValidateAboutFunctionality -->
