<?xml version="1.0" encoding="UTF-8"?>
<!-- Generated by org.testng.reporters.JUnitReportReporter -->
<testsuite hostname="LIB-LAT5320-25" failures="0" tests="1" name="Scripts.TestClass" time="0.053" errors="0" timestamp="2024-01-02T08:59:27 CST" skipped="0">
  <testcase classname="Scripts.TestClass" name="method1" time="0.053"/>
  <system-out>
    <![CDATA[Screenshort method got called]]>
  </system-out>
</testsuite> <!-- Scripts.TestClass -->
