<?xml version="1.0" encoding="UTF-8"?>
<!-- Generated by org.testng.reporters.JUnitReportReporter -->
<testsuite hostname="MEDA" failures="0" tests="2" name="Scripts.ValidateAboutFunctionality" time="25.149" errors="0" timestamp="2024-02-11T21:35:27 IST" skipped="0">
  <testcase classname="Scripts.ValidateAboutFunctionality" name="validatelogin" time="14.547"/>
  <system-out/>
  <testcase classname="Scripts.ValidateAboutFunctionality" name="validateAbout" time="10.602"/>
  <system-out/>
</testsuite> <!-- Scripts.ValidateAboutFunctionality -->
