<?xml version="1.0" encoding="UTF-8"?>
<!-- Generated by org.testng.reporters.JUnitReportReporter -->
<testsuite hostname="DESKTOP-VSMS3K4" failures="0" tests="1" name="Scripts.ValidateSignUpFunctionality" time="113.780" errors="0" timestamp="2024-02-01T11:35:38 CST" skipped="0">
  <testcase classname="Scripts.ValidateSignUpFunctionality" name="validatelogin" time="113.780"/>
  <system-out/>
</testsuite> <!-- Scripts.ValidateSignUpFunctionality -->
